ERROR - 2022-09-28 06:27:27 --> mysqli_sql_exception: Column 'valor' cannot be null in C:\wamp64\www\LivrariaIgniter4\system\Database\MySQLi\Connection.php:292
Stack trace:
#0 C:\wamp64\www\LivrariaIgniter4\system\Database\MySQLi\Connection.php(292): mysqli->query('INSERT INTO `es...', 0)
#1 C:\wamp64\www\LivrariaIgniter4\system\Database\BaseConnection.php(693): CodeIgniter\Database\MySQLi\Connection->execute('INSERT INTO `es...')
#2 C:\wamp64\www\LivrariaIgniter4\system\Database\BaseConnection.php(620): CodeIgniter\Database\BaseConnection->simpleQuery('INSERT INTO `es...')
#3 C:\wamp64\www\LivrariaIgniter4\system\Database\BaseBuilder.php(1916): CodeIgniter\Database\BaseConnection->query('INSERT INTO `es...', Array, false)
#4 C:\wamp64\www\LivrariaIgniter4\app\Database\Seeds\Estoque.php(24): CodeIgniter\Database\BaseBuilder->insert(Array)
#5 C:\wamp64\www\LivrariaIgniter4\system\Database\Seeder.php(145): App\Database\Seeds\Estoque->run()
#6 C:\wamp64\www\LivrariaIgniter4\system\Commands\Database\Seed.php(77): CodeIgniter\Database\Seeder->call('App\\Database\\Se...')
#7 C:\wamp64\www\LivrariaIgniter4\system\CLI\Commands.php(63): CodeIgniter\Commands\Database\Seed->run(Array)
#8 C:\wamp64\www\LivrariaIgniter4\system\CLI\CommandRunner.php(65): CodeIgniter\CLI\Commands->run('db:seed', Array)
#9 C:\wamp64\www\LivrariaIgniter4\system\CLI\CommandRunner.php(51): CodeIgniter\CLI\CommandRunner->index(Array)
#10 C:\wamp64\www\LivrariaIgniter4\system\CodeIgniter.php(891): CodeIgniter\CLI\CommandRunner->_remap('index', Array)
#11 C:\wamp64\www\LivrariaIgniter4\system\CodeIgniter.php(457): CodeIgniter\CodeIgniter->runController(Object(CodeIgniter\CLI\CommandRunner))
#12 C:\wamp64\www\LivrariaIgniter4\system\CodeIgniter.php(336): CodeIgniter\CodeIgniter->handleRequest(NULL, Object(Config\Cache), false)
#13 C:\wamp64\www\LivrariaIgniter4\system\CLI\Console.php(48): CodeIgniter\CodeIgniter->run()
#14 C:\wamp64\www\LivrariaIgniter4\spark(98): CodeIgniter\CLI\Console->run()
#15 {main}
ERROR - 2022-09-28 06:42:25 --> mysqli_sql_exception: Column 'Nome' cannot be null in C:\wamp64\www\RocketsIgniter4\ativ2\system\Database\MySQLi\Connection.php:292
Stack trace:
#0 C:\wamp64\www\RocketsIgniter4\ativ2\system\Database\MySQLi\Connection.php(292): mysqli->query('INSERT INTO `es...', 0)
#1 C:\wamp64\www\RocketsIgniter4\ativ2\system\Database\BaseConnection.php(693): CodeIgniter\Database\MySQLi\Connection->execute('INSERT INTO `es...')
#2 C:\wamp64\www\RocketsIgniter4\ativ2\system\Database\BaseConnection.php(620): CodeIgniter\Database\BaseConnection->simpleQuery('INSERT INTO `es...')
#3 C:\wamp64\www\RocketsIgniter4\ativ2\system\Database\BaseBuilder.php(1916): CodeIgniter\Database\BaseConnection->query('INSERT INTO `es...', Array, false)
#4 C:\wamp64\www\RocketsIgniter4\ativ2\system\Model.php(278): CodeIgniter\Database\BaseBuilder->insert()
#5 C:\wamp64\www\RocketsIgniter4\ativ2\system\BaseModel.php(738): CodeIgniter\Model->doInsert(Array)
#6 C:\wamp64\www\RocketsIgniter4\ativ2\system\Model.php(666): CodeIgniter\BaseModel->insert(Array, false)
#7 C:\wamp64\www\RocketsIgniter4\ativ2\system\BaseModel.php(658): CodeIgniter\Model->insert(Array, false)
#8 C:\wamp64\www\RocketsIgniter4\ativ2\app\Controllers\Estoque.php(38): CodeIgniter\BaseModel->save(Array)
#9 C:\wamp64\www\RocketsIgniter4\ativ2\system\CodeIgniter.php(898): App\Controllers\Estoque->gravarProduto('$1')
#10 C:\wamp64\www\RocketsIgniter4\ativ2\system\CodeIgniter.php(457): CodeIgniter\CodeIgniter->runController(Object(App\Controllers\Estoque))
#11 C:\wamp64\www\RocketsIgniter4\ativ2\system\CodeIgniter.php(340): CodeIgniter\CodeIgniter->handleRequest(NULL, Object(Config\Cache), false)
#12 C:\wamp64\www\RocketsIgniter4\ativ2\public\index.php(67): CodeIgniter\CodeIgniter->run()
#13 C:\wamp64\www\RocketsIgniter4\ativ2\system\Commands\Server\rewrite.php(43): require_once('C:\\wamp64\\www\\R...')
#14 {main}
ERROR - 2022-09-28 06:48:16 --> mysqli_sql_exception: Column 'Nome' cannot be null in C:\wamp64\www\RocketsIgniter4\ativ2\system\Database\MySQLi\Connection.php:292
Stack trace:
#0 C:\wamp64\www\RocketsIgniter4\ativ2\system\Database\MySQLi\Connection.php(292): mysqli->query('INSERT INTO `es...', 0)
#1 C:\wamp64\www\RocketsIgniter4\ativ2\system\Database\BaseConnection.php(693): CodeIgniter\Database\MySQLi\Connection->execute('INSERT INTO `es...')
#2 C:\wamp64\www\RocketsIgniter4\ativ2\system\Database\BaseConnection.php(620): CodeIgniter\Database\BaseConnection->simpleQuery('INSERT INTO `es...')
#3 C:\wamp64\www\RocketsIgniter4\ativ2\system\Database\BaseBuilder.php(1916): CodeIgniter\Database\BaseConnection->query('INSERT INTO `es...', Array, false)
#4 C:\wamp64\www\RocketsIgniter4\ativ2\system\Model.php(278): CodeIgniter\Database\BaseBuilder->insert()
#5 C:\wamp64\www\RocketsIgniter4\ativ2\system\BaseModel.php(738): CodeIgniter\Model->doInsert(Array)
#6 C:\wamp64\www\RocketsIgniter4\ativ2\system\Model.php(666): CodeIgniter\BaseModel->insert(Array, false)
#7 C:\wamp64\www\RocketsIgniter4\ativ2\system\BaseModel.php(658): CodeIgniter\Model->insert(Array, false)
#8 C:\wamp64\www\RocketsIgniter4\ativ2\app\Controllers\Estoque.php(38): CodeIgniter\BaseModel->save(Array)
#9 C:\wamp64\www\RocketsIgniter4\ativ2\system\CodeIgniter.php(898): App\Controllers\Estoque->gravarProduto('$1')
#10 C:\wamp64\www\RocketsIgniter4\ativ2\system\CodeIgniter.php(457): CodeIgniter\CodeIgniter->runController(Object(App\Controllers\Estoque))
#11 C:\wamp64\www\RocketsIgniter4\ativ2\system\CodeIgniter.php(340): CodeIgniter\CodeIgniter->handleRequest(NULL, Object(Config\Cache), false)
#12 C:\wamp64\www\RocketsIgniter4\ativ2\public\index.php(67): CodeIgniter\CodeIgniter->run()
#13 C:\wamp64\www\RocketsIgniter4\ativ2\system\Commands\Server\rewrite.php(43): require_once('C:\\wamp64\\www\\R...')
#14 {main}
